c:\users\jean_\source\repos\coursjeux\projet1\x64\debug\vc142.pdb
c:\users\jean_\source\repos\coursjeux\projet1\x64\debug\vc142.idb
c:\users\jean_\source\repos\coursjeux\projet1\x64\debug\monkchargeparticle.obj
c:\users\jean_\source\repos\coursjeux\projet1\x64\debug\huntershoot.obj
c:\users\jean_\source\repos\coursjeux\projet1\x64\debug\hero.obj
c:\users\jean_\source\repos\coursjeux\projet1\x64\debug\game.obj
c:\users\jean_\source\repos\coursjeux\projet1\x64\debug\falling.obj
c:\users\jean_\source\repos\coursjeux\projet1\x64\debug\entitystate.obj
c:\users\jean_\source\repos\coursjeux\projet1\x64\debug\entityspawner.obj
c:\users\jean_\source\repos\coursjeux\projet1\x64\debug\entityphysic.obj
c:\users\jean_\source\repos\coursjeux\projet1\x64\debug\entityparticleemitter.obj
c:\users\jean_\source\repos\coursjeux\projet1\x64\debug\entityinanimate.obj
c:\users\jean_\source\repos\coursjeux\projet1\x64\debug\entitybrain.obj
c:\users\jean_\source\repos\coursjeux\projet1\x64\debug\entityanimated.obj
c:\users\jean_\source\repos\coursjeux\projet1\x64\debug\entity.obj
c:\users\jean_\source\repos\coursjeux\projet1\x64\debug\crounching.obj
c:\users\jean_\source\repos\coursjeux\projet1\x64\debug\animation.obj
c:\users\jean_\source\repos\coursjeux\projet1\x64\debug\collider.obj
c:\users\jean_\source\repos\coursjeux\projet1\x64\debug\character.obj
c:\users\jean_\source\repos\coursjeux\projet1\x64\debug\animator.obj
c:\users\jean_\source\repos\coursjeux\projet1\x64\debug\actionentity.obj
c:\users\jean_\source\repos\coursjeux\projet1\x64\debug\action.obj
c:\users\jean_\source\repos\coursjeux\projet1\x64\debug\monkroundhouse.obj
c:\users\jean_\source\repos\coursjeux\projet1\x64\debug\monkrisingkick.obj
c:\users\jean_\source\repos\coursjeux\projet1\x64\debug\monkpunch.obj
c:\users\jean_\source\repos\coursjeux\projet1\x64\debug\monkjump.obj
c:\users\jean_\source\repos\coursjeux\projet1\x64\debug\monkfall.obj
c:\users\jean_\source\repos\coursjeux\projet1\x64\debug\monkdivekick.obj
c:\users\jean_\source\repos\coursjeux\projet1\x64\debug\monkcrounching.obj
c:\users\jean_\source\repos\coursjeux\projet1\x64\debug\monk.obj
c:\users\jean_\source\repos\coursjeux\projet1\x64\debug\statemanager.obj
c:\users\jean_\source\repos\coursjeux\projet1\x64\debug\assetmanager.obj
c:\users\jean_\source\repos\coursjeux\projet1\x64\debug\main.obj
c:\users\jean_\source\repos\coursjeux\projet1\x64\debug\levelloader.obj
c:\users\jean_\source\repos\coursjeux\projet1\x64\debug\level.obj
c:\users\jean_\source\repos\coursjeux\projet1\x64\debug\knockback.obj
c:\users\jean_\source\repos\coursjeux\projet1\x64\debug\jumping.obj
c:\users\jean_\source\repos\coursjeux\projet1\x64\debug\inputmanager.obj
c:\users\jean_\source\repos\coursjeux\projet1\x64\debug\hunterjumpmid.obj
c:\users\jean_\source\repos\coursjeux\projet1\x64\debug\hunterjump.obj
c:\users\jean_\source\repos\coursjeux\projet1\x64\debug\hunter.obj
c:\users\jean_\source\repos\coursjeux\projet1\x64\debug\monkholdattack.obj
c:\users\jean_\source\repos\coursjeux\projet1\x64\debug\standing.obj
c:\users\jean_\source\repos\coursjeux\projet1\x64\debug\entitybase.obj
c:\users\jean_\source\repos\coursjeux\projet1\x64\debug\roguewalk.obj
c:\users\jean_\source\repos\coursjeux\projet1\x64\debug\roguethrowknife.obj
c:\users\jean_\source\repos\coursjeux\projet1\x64\debug\roguestanding.obj
c:\users\jean_\source\repos\coursjeux\projet1\x64\debug\roguesomersault.obj
c:\users\jean_\source\repos\coursjeux\projet1\x64\debug\rogueroll.obj
c:\users\jean_\source\repos\coursjeux\projet1\x64\debug\roguejump.obj
c:\users\jean_\source\repos\coursjeux\projet1\x64\debug\roguecrounch.obj
c:\users\jean_\source\repos\coursjeux\projet1\x64\debug\rogueattack.obj
c:\users\jean_\source\repos\coursjeux\projet1\x64\debug\rogue.obj
c:\users\jean_\source\repos\coursjeux\projet1\x64\debug\straightprojectile.obj
c:\users\jean_\source\repos\coursjeux\projet1\x64\debug\roguethrowaxe.obj
c:\users\jean_\source\repos\coursjeux\projet1\x64\debug\rogueitemuse.obj
c:\users\jean_\source\repos\coursjeux\projet1\x64\debug\platform.obj
c:\users\jean_\source\repos\coursjeux\projet1\x64\debug\particle.obj
c:\users\jean_\source\repos\coursjeux\projet1\x64\debug\object.obj
c:\users\jean_\source\repos\coursjeux\projet1\x64\debug\monster.obj
c:\users\jean_\source\repos\coursjeux\projet1\x64\debug\monkwalking.obj
c:\users\jean_\source\repos\coursjeux\projet1\x64\debug\monksecondjump.obj
c:\users\jean_\source\repos\coursjeux\projet1\x64\debug\statemachine.obj
c:\users\jean_\source\repos\coursjeux\projet1\x64\debug\world.obj
c:\users\jean_\source\repos\coursjeux\projet1\x64\debug\walking.obj
c:\users\jean_\source\repos\coursjeux\projet1\x64\debug\timemanager.obj
c:\users\jean_\source\repos\coursjeux\projet1\x64\debug\thrownknife.obj
c:\users\jean_\source\repos\coursjeux\projet1\x64\debug\thrownaxe.obj
c:\users\jean_\source\repos\coursjeux\projet1\x64\debug\state.obj
c:\users\jean_\source\repos\coursjeux\projet1\x64\debug\stage.obj
c:\users\jean_\source\repos\coursjeux\projet1\x64\debug\settings.obj
c:\users\jean_\source\repos\coursjeux\projet1\x64\debug\magicbulletcandy.obj
c:\users\jean_\source\repos\coursjeux\projet1\x64\debug\magicbullet.obj
c:\users\jean_\source\repos\coursjeux\projet1\x64\debug\projet1.tlog\cl.command.1.tlog
c:\users\jean_\source\repos\coursjeux\projet1\x64\debug\projet1.tlog\cl.read.1.tlog
c:\users\jean_\source\repos\coursjeux\projet1\x64\debug\projet1.tlog\cl.write.1.tlog
